build/app/intermediates/manifest_merge_blame_file/debug/manifest-merger-blame-debug-report.txt
1<?xml version="1.0" encoding="utf-8"?>
2<manifest xmlns:android="http://schemas.android.com/apk/res/android"
3    package="com.example.e_leaningapp"
4    android:versionCode="1"
5    android:versionName="1.0.0" >
6
7    <uses-sdk
8        android:minSdkVersion="21"
9        android:targetSdkVersion="33" />
10    <!--
11         The INTERNET permission is required for development. Specifically,
12         the Flutter tool needs it to communicate with the running application
13         to allow setting breakpoints, to provide hot reload, etc.
14    -->
15    <uses-permission android:name="android.permission.INTERNET" />
15-->src\main\AndroidManifest.xml:2:1-62
15-->src\main\AndroidManifest.xml:2:18-60
16    <uses-permission android:name="android.permission.ACCESS_NETWORK_STATE" />
16-->[:connectivity_plus] AndroidManifest.xml:9:5-79
16-->[:connectivity_plus] AndroidManifest.xml:9:22-76
17    <uses-permission android:name="android.permission.READ_EXTERNAL_STORAGE" />
17-->[:file_picker] AndroidManifest.xml:9:5-80
17-->[:file_picker] AndroidManifest.xml:9:22-77
18
19    <queries>
19-->[:file_picker] AndroidManifest.xml:11:5-17:15
20        <intent>
20-->[:file_picker] AndroidManifest.xml:12:9-16:18
21            <action android:name="android.intent.action.GET_CONTENT" />
21-->[:file_picker] AndroidManifest.xml:13:13-72
21-->[:file_picker] AndroidManifest.xml:13:21-69
22
23            <data android:mimeType="*/*" />
23-->[:file_picker] AndroidManifest.xml:15:13-44
23-->[:file_picker] AndroidManifest.xml:15:19-41
24        </intent>
25
26        <package android:name="com.facebook.katana" />
26-->[com.facebook.android:facebook-common:17.0.0] AndroidManifest.xml:18:9-55
26-->[com.facebook.android:facebook-common:17.0.0] AndroidManifest.xml:18:18-52
27    </queries>
28
29    <uses-permission android:name="com.google.android.providers.gsf.permission.READ_GSERVICES" />
29-->[com.google.android.recaptcha:recaptcha:18.4.0] AndroidManifest.xml:9:5-98
29-->[com.google.android.recaptcha:recaptcha:18.4.0] AndroidManifest.xml:9:22-95
30    <uses-permission android:name="com.google.android.gms.permission.AD_ID" />
30-->[com.facebook.android:facebook-core:17.0.0] AndroidManifest.xml:16:5-79
30-->[com.facebook.android:facebook-core:17.0.0] AndroidManifest.xml:16:22-76
31
32    <permission
32-->[androidx.core:core:1.10.1] AndroidManifest.xml:22:5-24:47
33        android:name="com.example.e_leaningapp.DYNAMIC_RECEIVER_NOT_EXPORTED_PERMISSION"
33-->[androidx.core:core:1.10.1] AndroidManifest.xml:23:9-81
34        android:protectionLevel="signature" />
34-->[androidx.core:core:1.10.1] AndroidManifest.xml:24:9-44
35
36    <uses-permission android:name="com.example.e_leaningapp.DYNAMIC_RECEIVER_NOT_EXPORTED_PERMISSION" />
36-->[androidx.core:core:1.10.1] AndroidManifest.xml:26:5-97
36-->[androidx.core:core:1.10.1] AndroidManifest.xml:26:22-94
37    <uses-permission android:name="com.google.android.finsky.permission.BIND_GET_INSTALL_REFERRER_SERVICE" />
37-->[com.android.installreferrer:installreferrer:1.0] AndroidManifest.xml:9:5-110
37-->[com.android.installreferrer:installreferrer:1.0] AndroidManifest.xml:9:22-107
38
39    <application
40        android:name="android.app.Application"
41        android:appComponentFactory="androidx.core.app.CoreComponentFactory"
41-->[androidx.core:core:1.10.1] AndroidManifest.xml:28:18-86
42        android:debuggable="true"
43        android:icon="@mipmap/ic_launcher"
44        android:label="e_leaningapp"
45        android:supportsRtl="true" >
45-->[com.facebook.android:facebook-login:17.0.0] AndroidManifest.xml:16:18-44
46        <activity
47            android:name="com.example.e_leaningapp.MainActivity"
48            android:configChanges="orientation|keyboardHidden|keyboard|screenSize|smallestScreenSize|locale|layoutDirection|fontScale|screenLayout|density|uiMode"
49            android:exported="true"
50            android:hardwareAccelerated="true"
51            android:launchMode="singleTop"
52            android:theme="@style/LaunchTheme"
53            android:windowSoftInputMode="adjustResize" >
54
55            <!--
56                 Specifies an Android theme to apply to this Activity as soon as
57                 the Android process has started. This theme is visible to the user
58                 while the Flutter UI initializes. After that, this theme continues
59                 to determine the Window background behind the Flutter UI.
60            -->
61            <meta-data
62                android:name="io.flutter.embedding.android.NormalTheme"
63                android:resource="@style/NormalTheme" />
64
65            <intent-filter>
66                <action android:name="android.intent.action.MAIN" />
67
68                <category android:name="android.intent.category.LAUNCHER" />
69            </intent-filter>
70        </activity>
71        <!--
72             Don't delete the meta-data below.
73             This is used by the Flutter tool to generate GeneratedPluginRegistrant.java
74        -->
75        <meta-data
76            android:name="flutterEmbedding"
77            android:value="2" />
78        <meta-data
79            android:name="com.facebook.sdk.ApplicationId"
80            android:value="@string/facebook_app_id" />
81        <meta-data
82            android:name="com.facebook.sdk.ClientToken"
83            android:value="@string/facebook_client_token" />
84
85        <activity
86            android:name="com.facebook.FacebookActivity"
87            android:configChanges="keyboard|keyboardHidden|screenLayout|screenSize|orientation"
88            android:label="@string/app_name"
89            android:theme="@style/com_facebook_activity_theme" />
89-->[com.facebook.android:facebook-common:17.0.0] AndroidManifest.xml:25:13-63
90        <activity
91            android:name="com.facebook.CustomTabActivity"
92            android:exported="true" >
93            <intent-filter>
94                <action android:name="android.intent.action.VIEW" />
94-->[com.google.firebase:firebase-auth:22.3.1] AndroidManifest.xml:36:17-69
94-->[com.google.firebase:firebase-auth:22.3.1] AndroidManifest.xml:36:25-66
95
96                <category android:name="android.intent.category.DEFAULT" />
96-->[com.google.firebase:firebase-auth:22.3.1] AndroidManifest.xml:38:17-76
96-->[com.google.firebase:firebase-auth:22.3.1] AndroidManifest.xml:38:27-73
97                <category android:name="android.intent.category.BROWSABLE" />
97-->[com.google.firebase:firebase-auth:22.3.1] AndroidManifest.xml:39:17-78
97-->[com.google.firebase:firebase-auth:22.3.1] AndroidManifest.xml:39:27-75
98
99                <data android:scheme="@string/fb_login_protocol_scheme" />
99-->[:file_picker] AndroidManifest.xml:15:13-44
100            </intent-filter>
101            <intent-filter>
101-->[com.facebook.android:facebook-common:17.0.0] AndroidManifest.xml:31:13-40:29
102                <action android:name="android.intent.action.VIEW" />
102-->[com.google.firebase:firebase-auth:22.3.1] AndroidManifest.xml:36:17-69
102-->[com.google.firebase:firebase-auth:22.3.1] AndroidManifest.xml:36:25-66
103
104                <category android:name="android.intent.category.DEFAULT" />
104-->[com.google.firebase:firebase-auth:22.3.1] AndroidManifest.xml:38:17-76
104-->[com.google.firebase:firebase-auth:22.3.1] AndroidManifest.xml:38:27-73
105                <category android:name="android.intent.category.BROWSABLE" />
105-->[com.google.firebase:firebase-auth:22.3.1] AndroidManifest.xml:39:17-78
105-->[com.google.firebase:firebase-auth:22.3.1] AndroidManifest.xml:39:27-75
106
107                <data
107-->[:file_picker] AndroidManifest.xml:15:13-44
108                    android:host="cct.com.example.e_leaningapp"
109                    android:scheme="fbconnect" />
110            </intent-filter>
111        </activity>
112
113        <service
113-->[:cloud_firestore] AndroidManifest.xml:10:9-14:19
114            android:name="com.google.firebase.components.ComponentDiscoveryService"
114-->[:cloud_firestore] AndroidManifest.xml:10:18-89
115            android:directBootAware="true"
115-->[com.google.firebase:firebase-common:20.4.2] AndroidManifest.xml:32:13-43
116            android:exported="false" >
116-->[com.google.firebase:firebase-auth:22.3.1] AndroidManifest.xml:68:13-37
117            <meta-data
117-->[:cloud_firestore] AndroidManifest.xml:11:13-13:85
118                android:name="com.google.firebase.components:io.flutter.plugins.firebase.firestore.FlutterFirebaseFirestoreRegistrar"
118-->[:cloud_firestore] AndroidManifest.xml:12:17-134
119                android:value="com.google.firebase.components.ComponentRegistrar" />
119-->[:cloud_firestore] AndroidManifest.xml:13:17-82
120            <meta-data
120-->[:firebase_auth] AndroidManifest.xml:11:13-13:85
121                android:name="com.google.firebase.components:io.flutter.plugins.firebase.auth.FlutterFirebaseAuthRegistrar"
121-->[:firebase_auth] AndroidManifest.xml:12:17-124
122                android:value="com.google.firebase.components.ComponentRegistrar" />
122-->[:firebase_auth] AndroidManifest.xml:13:17-82
123            <meta-data
123-->[:firebase_storage] AndroidManifest.xml:11:13-13:85
124                android:name="com.google.firebase.components:io.flutter.plugins.firebase.storage.FlutterFirebaseAppRegistrar"
124-->[:firebase_storage] AndroidManifest.xml:12:17-126
125                android:value="com.google.firebase.components.ComponentRegistrar" />
125-->[:firebase_storage] AndroidManifest.xml:13:17-82
126            <meta-data
126-->[:firebase_core] AndroidManifest.xml:11:13-13:85
127                android:name="com.google.firebase.components:io.flutter.plugins.firebase.core.FlutterFirebaseCoreRegistrar"
127-->[:firebase_core] AndroidManifest.xml:12:17-124
128                android:value="com.google.firebase.components.ComponentRegistrar" />
128-->[:firebase_core] AndroidManifest.xml:13:17-82
129            <meta-data
129-->[com.google.firebase:firebase-auth:22.3.1] AndroidManifest.xml:69:13-71:85
130                android:name="com.google.firebase.components:com.google.firebase.auth.FirebaseAuthRegistrar"
130-->[com.google.firebase:firebase-auth:22.3.1] AndroidManifest.xml:70:17-109
131                android:value="com.google.firebase.components.ComponentRegistrar" />
131-->[com.google.firebase:firebase-auth:22.3.1] AndroidManifest.xml:71:17-82
132            <meta-data
132-->[com.google.firebase:firebase-firestore:24.10.3] AndroidManifest.xml:17:13-19:85
133                android:name="com.google.firebase.components:com.google.firebase.firestore.FirebaseFirestoreKtxRegistrar"
133-->[com.google.firebase:firebase-firestore:24.10.3] AndroidManifest.xml:18:17-122
134                android:value="com.google.firebase.components.ComponentRegistrar" />
134-->[com.google.firebase:firebase-firestore:24.10.3] AndroidManifest.xml:19:17-82
135            <meta-data
135-->[com.google.firebase:firebase-firestore:24.10.3] AndroidManifest.xml:20:13-22:85
136                android:name="com.google.firebase.components:com.google.firebase.firestore.FirestoreRegistrar"
136-->[com.google.firebase:firebase-firestore:24.10.3] AndroidManifest.xml:21:17-111
137                android:value="com.google.firebase.components.ComponentRegistrar" />
137-->[com.google.firebase:firebase-firestore:24.10.3] AndroidManifest.xml:22:17-82
138            <meta-data
138-->[com.google.firebase:firebase-storage:20.3.0] AndroidManifest.xml:30:13-32:85
139                android:name="com.google.firebase.components:com.google.firebase.storage.FirebaseStorageKtxRegistrar"
139-->[com.google.firebase:firebase-storage:20.3.0] AndroidManifest.xml:31:17-118
140                android:value="com.google.firebase.components.ComponentRegistrar" />
140-->[com.google.firebase:firebase-storage:20.3.0] AndroidManifest.xml:32:17-82
141            <meta-data
141-->[com.google.firebase:firebase-storage:20.3.0] AndroidManifest.xml:33:13-35:85
142                android:name="com.google.firebase.components:com.google.firebase.storage.StorageRegistrar"
142-->[com.google.firebase:firebase-storage:20.3.0] AndroidManifest.xml:34:17-107
143                android:value="com.google.firebase.components.ComponentRegistrar" />
143-->[com.google.firebase:firebase-storage:20.3.0] AndroidManifest.xml:35:17-82
144            <meta-data
144-->[com.google.firebase:firebase-appcheck:17.1.2] AndroidManifest.xml:25:13-27:85
145                android:name="com.google.firebase.components:com.google.firebase.appcheck.FirebaseAppCheckKtxRegistrar"
145-->[com.google.firebase:firebase-appcheck:17.1.2] AndroidManifest.xml:26:17-120
146                android:value="com.google.firebase.components.ComponentRegistrar" />
146-->[com.google.firebase:firebase-appcheck:17.1.2] AndroidManifest.xml:27:17-82
147            <meta-data
147-->[com.google.firebase:firebase-appcheck:17.1.2] AndroidManifest.xml:28:13-30:85
148                android:name="com.google.firebase.components:com.google.firebase.appcheck.FirebaseAppCheckRegistrar"
148-->[com.google.firebase:firebase-appcheck:17.1.2] AndroidManifest.xml:29:17-117
149                android:value="com.google.firebase.components.ComponentRegistrar" />
149-->[com.google.firebase:firebase-appcheck:17.1.2] AndroidManifest.xml:30:17-82
150            <meta-data
150-->[com.google.firebase:firebase-common-ktx:20.4.2] AndroidManifest.xml:12:13-14:85
151                android:name="com.google.firebase.components:com.google.firebase.ktx.FirebaseCommonLegacyRegistrar"
151-->[com.google.firebase:firebase-common-ktx:20.4.2] AndroidManifest.xml:13:17-116
152                android:value="com.google.firebase.components.ComponentRegistrar" />
152-->[com.google.firebase:firebase-common-ktx:20.4.2] AndroidManifest.xml:14:17-82
153            <meta-data
153-->[com.google.firebase:firebase-common:20.4.2] AndroidManifest.xml:35:13-37:85
154                android:name="com.google.firebase.components:com.google.firebase.FirebaseCommonKtxRegistrar"
154-->[com.google.firebase:firebase-common:20.4.2] AndroidManifest.xml:36:17-109
155                android:value="com.google.firebase.components.ComponentRegistrar" />
155-->[com.google.firebase:firebase-common:20.4.2] AndroidManifest.xml:37:17-82
156        </service>
157
158        <provider
158-->[:image_picker_android] AndroidManifest.xml:10:9-18:20
159            android:name="io.flutter.plugins.imagepicker.ImagePickerFileProvider"
159-->[:image_picker_android] AndroidManifest.xml:11:13-82
160            android:authorities="com.example.e_leaningapp.flutter.image_provider"
160-->[:image_picker_android] AndroidManifest.xml:12:13-74
161            android:exported="false"
161-->[:image_picker_android] AndroidManifest.xml:13:13-37
162            android:grantUriPermissions="true" >
162-->[:image_picker_android] AndroidManifest.xml:14:13-47
163            <meta-data
163-->[:image_picker_android] AndroidManifest.xml:15:13-17:75
164                android:name="android.support.FILE_PROVIDER_PATHS"
164-->[:image_picker_android] AndroidManifest.xml:16:17-67
165                android:resource="@xml/flutter_image_picker_file_paths" />
165-->[:image_picker_android] AndroidManifest.xml:17:17-72
166        </provider>
167
168        <activity
168-->[com.google.firebase:firebase-auth:22.3.1] AndroidManifest.xml:29:9-46:20
169            android:name="com.google.firebase.auth.internal.GenericIdpActivity"
169-->[com.google.firebase:firebase-auth:22.3.1] AndroidManifest.xml:30:13-80
170            android:excludeFromRecents="true"
170-->[com.google.firebase:firebase-auth:22.3.1] AndroidManifest.xml:31:13-46
171            android:exported="true"
171-->[com.google.firebase:firebase-auth:22.3.1] AndroidManifest.xml:32:13-36
172            android:launchMode="singleTask"
172-->[com.google.firebase:firebase-auth:22.3.1] AndroidManifest.xml:33:13-44
173            android:theme="@android:style/Theme.Translucent.NoTitleBar" >
173-->[com.google.firebase:firebase-auth:22.3.1] AndroidManifest.xml:34:13-72
174            <intent-filter>
174-->[com.google.firebase:firebase-auth:22.3.1] AndroidManifest.xml:35:13-45:29
175                <action android:name="android.intent.action.VIEW" />
175-->[com.google.firebase:firebase-auth:22.3.1] AndroidManifest.xml:36:17-69
175-->[com.google.firebase:firebase-auth:22.3.1] AndroidManifest.xml:36:25-66
176
177                <category android:name="android.intent.category.DEFAULT" />
177-->[com.google.firebase:firebase-auth:22.3.1] AndroidManifest.xml:38:17-76
177-->[com.google.firebase:firebase-auth:22.3.1] AndroidManifest.xml:38:27-73
178                <category android:name="android.intent.category.BROWSABLE" />
178-->[com.google.firebase:firebase-auth:22.3.1] AndroidManifest.xml:39:17-78
178-->[com.google.firebase:firebase-auth:22.3.1] AndroidManifest.xml:39:27-75
179
180                <data
180-->[:file_picker] AndroidManifest.xml:15:13-44
181                    android:host="firebase.auth"
182                    android:path="/"
183                    android:scheme="genericidp" />
184            </intent-filter>
185        </activity>
186        <activity
186-->[com.google.firebase:firebase-auth:22.3.1] AndroidManifest.xml:47:9-64:20
187            android:name="com.google.firebase.auth.internal.RecaptchaActivity"
187-->[com.google.firebase:firebase-auth:22.3.1] AndroidManifest.xml:48:13-79
188            android:excludeFromRecents="true"
188-->[com.google.firebase:firebase-auth:22.3.1] AndroidManifest.xml:49:13-46
189            android:exported="true"
189-->[com.google.firebase:firebase-auth:22.3.1] AndroidManifest.xml:50:13-36
190            android:launchMode="singleTask"
190-->[com.google.firebase:firebase-auth:22.3.1] AndroidManifest.xml:51:13-44
191            android:theme="@android:style/Theme.Translucent.NoTitleBar" >
191-->[com.google.firebase:firebase-auth:22.3.1] AndroidManifest.xml:52:13-72
192            <intent-filter>
192-->[com.google.firebase:firebase-auth:22.3.1] AndroidManifest.xml:53:13-63:29
193                <action android:name="android.intent.action.VIEW" />
193-->[com.google.firebase:firebase-auth:22.3.1] AndroidManifest.xml:36:17-69
193-->[com.google.firebase:firebase-auth:22.3.1] AndroidManifest.xml:36:25-66
194
195                <category android:name="android.intent.category.DEFAULT" />
195-->[com.google.firebase:firebase-auth:22.3.1] AndroidManifest.xml:38:17-76
195-->[com.google.firebase:firebase-auth:22.3.1] AndroidManifest.xml:38:27-73
196                <category android:name="android.intent.category.BROWSABLE" />
196-->[com.google.firebase:firebase-auth:22.3.1] AndroidManifest.xml:39:17-78
196-->[com.google.firebase:firebase-auth:22.3.1] AndroidManifest.xml:39:27-75
197
198                <data
198-->[:file_picker] AndroidManifest.xml:15:13-44
199                    android:host="firebase.auth"
200                    android:path="/"
201                    android:scheme="recaptcha" />
202            </intent-filter>
203        </activity>
204        <activity android:name="com.facebook.CustomTabMainActivity" />
204-->[com.facebook.android:facebook-common:17.0.0] AndroidManifest.xml:26:9-71
204-->[com.facebook.android:facebook-common:17.0.0] AndroidManifest.xml:26:19-68
205        <activity
205-->[com.google.android.gms:play-services-auth:21.0.0] AndroidManifest.xml:23:9-27:75
206            android:name="com.google.android.gms.auth.api.signin.internal.SignInHubActivity"
206-->[com.google.android.gms:play-services-auth:21.0.0] AndroidManifest.xml:24:13-93
207            android:excludeFromRecents="true"
207-->[com.google.android.gms:play-services-auth:21.0.0] AndroidManifest.xml:25:13-46
208            android:exported="false"
208-->[com.google.android.gms:play-services-auth:21.0.0] AndroidManifest.xml:26:13-37
209            android:theme="@android:style/Theme.Translucent.NoTitleBar" />
209-->[com.google.android.gms:play-services-auth:21.0.0] AndroidManifest.xml:27:13-72
210        <!--
211            Service handling Google Sign-In user revocation. For apps that do not integrate with
212            Google Sign-In, this service will never be started.
213        -->
214        <service
214-->[com.google.android.gms:play-services-auth:21.0.0] AndroidManifest.xml:33:9-37:51
215            android:name="com.google.android.gms.auth.api.signin.RevocationBoundService"
215-->[com.google.android.gms:play-services-auth:21.0.0] AndroidManifest.xml:34:13-89
216            android:exported="true"
216-->[com.google.android.gms:play-services-auth:21.0.0] AndroidManifest.xml:35:13-36
217            android:permission="com.google.android.gms.auth.api.signin.permission.REVOCATION_NOTIFICATION"
217-->[com.google.android.gms:play-services-auth:21.0.0] AndroidManifest.xml:36:13-107
218            android:visibleToInstantApps="true" />
218-->[com.google.android.gms:play-services-auth:21.0.0] AndroidManifest.xml:37:13-48
219
220        <activity
220-->[com.google.android.gms:play-services-base:18.1.0] AndroidManifest.xml:20:9-22:45
221            android:name="com.google.android.gms.common.api.GoogleApiActivity"
221-->[com.google.android.gms:play-services-base:18.1.0] AndroidManifest.xml:20:19-85
222            android:exported="false"
222-->[com.google.android.gms:play-services-base:18.1.0] AndroidManifest.xml:22:19-43
223            android:theme="@android:style/Theme.Translucent.NoTitleBar" />
223-->[com.google.android.gms:play-services-base:18.1.0] AndroidManifest.xml:21:19-78
224
225        <provider
225-->[com.google.firebase:firebase-common:20.4.2] AndroidManifest.xml:23:9-28:39
226            android:name="com.google.firebase.provider.FirebaseInitProvider"
226-->[com.google.firebase:firebase-common:20.4.2] AndroidManifest.xml:24:13-77
227            android:authorities="com.example.e_leaningapp.firebaseinitprovider"
227-->[com.google.firebase:firebase-common:20.4.2] AndroidManifest.xml:25:13-72
228            android:directBootAware="true"
228-->[com.google.firebase:firebase-common:20.4.2] AndroidManifest.xml:26:13-43
229            android:exported="false"
229-->[com.google.firebase:firebase-common:20.4.2] AndroidManifest.xml:27:13-37
230            android:initOrder="100" />
230-->[com.google.firebase:firebase-common:20.4.2] AndroidManifest.xml:28:13-36
231
232        <meta-data
232-->[com.google.android.gms:play-services-basement:18.3.0] AndroidManifest.xml:21:9-23:69
233            android:name="com.google.android.gms.version"
233-->[com.google.android.gms:play-services-basement:18.3.0] AndroidManifest.xml:22:13-58
234            android:value="@integer/google_play_services_version" />
234-->[com.google.android.gms:play-services-basement:18.3.0] AndroidManifest.xml:23:13-66
235        <!--
236         The initialization ContentProvider will call FacebookSdk.sdkInitialize automatically
237         with the application context. This config is merged in with the host app's manifest,
238         but there can only be one provider with the same authority activated at any given
239         point; so if the end user has two or more different apps that use Facebook SDK, only the
240         first one will be able to use the provider. To work around this problem, we use the
241         following placeholder in the authority to identify each host application as if it was
242         a completely different provider.
243        -->
244        <provider
244-->[com.facebook.android:facebook-core:17.0.0] AndroidManifest.xml:29:9-32:40
245            android:name="com.facebook.internal.FacebookInitProvider"
245-->[com.facebook.android:facebook-core:17.0.0] AndroidManifest.xml:30:13-70
246            android:authorities="com.example.e_leaningapp.FacebookInitProvider"
246-->[com.facebook.android:facebook-core:17.0.0] AndroidManifest.xml:31:13-72
247            android:exported="false" />
247-->[com.facebook.android:facebook-core:17.0.0] AndroidManifest.xml:32:13-37
248
249        <receiver
249-->[com.facebook.android:facebook-core:17.0.0] AndroidManifest.xml:34:9-40:20
250            android:name="com.facebook.CurrentAccessTokenExpirationBroadcastReceiver"
250-->[com.facebook.android:facebook-core:17.0.0] AndroidManifest.xml:35:13-86
251            android:exported="false" >
251-->[com.facebook.android:facebook-core:17.0.0] AndroidManifest.xml:36:13-37
252            <intent-filter>
252-->[com.facebook.android:facebook-core:17.0.0] AndroidManifest.xml:37:13-39:29
253                <action android:name="com.facebook.sdk.ACTION_CURRENT_ACCESS_TOKEN_CHANGED" />
253-->[com.facebook.android:facebook-core:17.0.0] AndroidManifest.xml:38:17-95
253-->[com.facebook.android:facebook-core:17.0.0] AndroidManifest.xml:38:25-92
254            </intent-filter>
255        </receiver>
256        <receiver
256-->[com.facebook.android:facebook-core:17.0.0] AndroidManifest.xml:41:9-47:20
257            android:name="com.facebook.AuthenticationTokenManager$CurrentAuthenticationTokenChangedBroadcastReceiver"
257-->[com.facebook.android:facebook-core:17.0.0] AndroidManifest.xml:42:13-118
258            android:exported="false" >
258-->[com.facebook.android:facebook-core:17.0.0] AndroidManifest.xml:43:13-37
259            <intent-filter>
259-->[com.facebook.android:facebook-core:17.0.0] AndroidManifest.xml:44:13-46:29
260                <action android:name="com.facebook.sdk.ACTION_CURRENT_AUTHENTICATION_TOKEN_CHANGED" />
260-->[com.facebook.android:facebook-core:17.0.0] AndroidManifest.xml:45:17-103
260-->[com.facebook.android:facebook-core:17.0.0] AndroidManifest.xml:45:25-100
261            </intent-filter>
262        </receiver>
263
264        <uses-library
264-->[androidx.window:window:1.0.0-beta04] AndroidManifest.xml:25:9-27:40
265            android:name="androidx.window.extensions"
265-->[androidx.window:window:1.0.0-beta04] AndroidManifest.xml:26:13-54
266            android:required="false" />
266-->[androidx.window:window:1.0.0-beta04] AndroidManifest.xml:27:13-37
267        <uses-library
267-->[androidx.window:window:1.0.0-beta04] AndroidManifest.xml:28:9-30:40
268            android:name="androidx.window.sidecar"
268-->[androidx.window:window:1.0.0-beta04] AndroidManifest.xml:29:13-51
269            android:required="false" />
269-->[androidx.window:window:1.0.0-beta04] AndroidManifest.xml:30:13-37
270
271        <provider
271-->[androidx.profileinstaller:profileinstaller:1.3.0] AndroidManifest.xml:24:9-32:20
272            android:name="androidx.startup.InitializationProvider"
272-->[androidx.profileinstaller:profileinstaller:1.3.0] AndroidManifest.xml:25:13-67
273            android:authorities="com.example.e_leaningapp.androidx-startup"
273-->[androidx.profileinstaller:profileinstaller:1.3.0] AndroidManifest.xml:26:13-68
274            android:exported="false" >
274-->[androidx.profileinstaller:profileinstaller:1.3.0] AndroidManifest.xml:27:13-37
275            <meta-data
275-->[androidx.profileinstaller:profileinstaller:1.3.0] AndroidManifest.xml:29:13-31:52
276                android:name="androidx.profileinstaller.ProfileInstallerInitializer"
276-->[androidx.profileinstaller:profileinstaller:1.3.0] AndroidManifest.xml:30:17-85
277                android:value="androidx.startup" />
277-->[androidx.profileinstaller:profileinstaller:1.3.0] AndroidManifest.xml:31:17-49
278        </provider>
279
280        <receiver
280-->[androidx.profileinstaller:profileinstaller:1.3.0] AndroidManifest.xml:34:9-52:20
281            android:name="androidx.profileinstaller.ProfileInstallReceiver"
281-->[androidx.profileinstaller:profileinstaller:1.3.0] AndroidManifest.xml:35:13-76
282            android:directBootAware="false"
282-->[androidx.profileinstaller:profileinstaller:1.3.0] AndroidManifest.xml:36:13-44
283            android:enabled="true"
283-->[androidx.profileinstaller:profileinstaller:1.3.0] AndroidManifest.xml:37:13-35
284            android:exported="true"
284-->[androidx.profileinstaller:profileinstaller:1.3.0] AndroidManifest.xml:38:13-36
285            android:permission="android.permission.DUMP" >
285-->[androidx.profileinstaller:profileinstaller:1.3.0] AndroidManifest.xml:39:13-57
286            <intent-filter>
286-->[androidx.profileinstaller:profileinstaller:1.3.0] AndroidManifest.xml:40:13-42:29
287                <action android:name="androidx.profileinstaller.action.INSTALL_PROFILE" />
287-->[androidx.profileinstaller:profileinstaller:1.3.0] AndroidManifest.xml:41:17-91
287-->[androidx.profileinstaller:profileinstaller:1.3.0] AndroidManifest.xml:41:25-88
288            </intent-filter>
289            <intent-filter>
289-->[androidx.profileinstaller:profileinstaller:1.3.0] AndroidManifest.xml:43:13-45:29
290                <action android:name="androidx.profileinstaller.action.SKIP_FILE" />
290-->[androidx.profileinstaller:profileinstaller:1.3.0] AndroidManifest.xml:44:17-85
290-->[androidx.profileinstaller:profileinstaller:1.3.0] AndroidManifest.xml:44:25-82
291            </intent-filter>
292            <intent-filter>
292-->[androidx.profileinstaller:profileinstaller:1.3.0] AndroidManifest.xml:46:13-48:29
293                <action android:name="androidx.profileinstaller.action.SAVE_PROFILE" />
293-->[androidx.profileinstaller:profileinstaller:1.3.0] AndroidManifest.xml:47:17-88
293-->[androidx.profileinstaller:profileinstaller:1.3.0] AndroidManifest.xml:47:25-85
294            </intent-filter>
295            <intent-filter>
295-->[androidx.profileinstaller:profileinstaller:1.3.0] AndroidManifest.xml:49:13-51:29
296                <action android:name="androidx.profileinstaller.action.BENCHMARK_OPERATION" />
296-->[androidx.profileinstaller:profileinstaller:1.3.0] AndroidManifest.xml:50:17-95
296-->[androidx.profileinstaller:profileinstaller:1.3.0] AndroidManifest.xml:50:25-92
297            </intent-filter>
298        </receiver>
299    </application>
300
301</manifest>